<?xml version="1.0" encoding="UTF-8"?>
<!-- Generated by org.testng.reporters.JUnitXMLReporter -->
<testsuite ignored="1" hostname="DESKTOP-4SB3EJM" failures="0" tests="13" name="Home Page Test" time="39.634" errors="0" timestamp="2025-04-14T16:15:22 EDT">
  <testcase classname="com.qa.opencart.tests.HomePageTest" name="footerTest" time="2.258"/>
  <testcase classname="com.qa.opencart.tests.HomePageTest" name="footerTest" time="2.859"/>
  <testcase classname="com.qa.opencart.tests.HomePageTest" name="footerTest" time="0.979"/>
  <testcase classname="com.qa.opencart.tests.HomePageTest" name="footerTest" time="0.601"/>
  <testcase classname="com.qa.opencart.tests.HomePageTest" name="headersTest" time="0.737"/>
  <testcase classname="com.qa.opencart.tests.HomePageTest" name="homePageTitleTest" time="0.056"/>
  <testcase classname="com.qa.opencart.tests.HomePageTest" name="homePageURLTest" time="0.101"/>
  <testcase classname="com.qa.opencart.tests.HomePageTest" name="logoutLinkExistTest" time="0.118"/>
  <testcase classname="com.qa.opencart.tests.HomePageTest" name="searchTest" time="1.663"/>
  <testcase classname="com.qa.opencart.tests.HomePageTest" name="searchTest" time="1.378"/>
  <testcase classname="com.qa.opencart.tests.HomePageTest" name="searchTest" time="1.324"/>
  <testcase classname="com.qa.opencart.tests.HomePageTest" name="searchTest" time="1.874"/>
  <testcase classname="com.qa.opencart.tests.HomePageTest" name="searchTest" time="11.619"/>
  <testcase classname="com.qa.opencart.tests.HomePageTest" name="logoTest" time="0.0">
    <ignored/>
  </testcase> <!-- logoTest -->
</testsuite> <!-- Home Page Test -->
