<?xml version="1.0" encoding="UTF-8"?>
<!-- Generated by org.testng.reporters.JUnitXMLReporter -->
<testsuite ignored="1" hostname="DESKTOP-4SB3EJM" failures="0" tests="13" name="Home Page Test" time="26.144" errors="0" timestamp="2025-04-17T15:37:10 EDT">
  <testcase classname="com.qa.opencart.tests.HomePageTest" name="footerTest" time="0.349"/>
  <testcase classname="com.qa.opencart.tests.HomePageTest" name="footerTest" time="0.264"/>
  <testcase classname="com.qa.opencart.tests.HomePageTest" name="footerTest" time="0.322"/>
  <testcase classname="com.qa.opencart.tests.HomePageTest" name="footerTest" time="0.29"/>
  <testcase classname="com.qa.opencart.tests.HomePageTest" name="headersTest" time="0.138"/>
  <testcase classname="com.qa.opencart.tests.HomePageTest" name="homePageTitleTest" time="0.023"/>
  <testcase classname="com.qa.opencart.tests.HomePageTest" name="homePageURLTest" time="0.026"/>
  <testcase classname="com.qa.opencart.tests.HomePageTest" name="logoutLinkExistTest" time="0.521"/>
  <testcase classname="com.qa.opencart.tests.HomePageTest" name="searchTest" time="0.817"/>
  <testcase classname="com.qa.opencart.tests.HomePageTest" name="searchTest" time="0.874"/>
  <testcase classname="com.qa.opencart.tests.HomePageTest" name="searchTest" time="0.83"/>
  <testcase classname="com.qa.opencart.tests.HomePageTest" name="searchTest" time="0.778"/>
  <testcase classname="com.qa.opencart.tests.HomePageTest" name="searchTest" time="10.888"/>
  <testcase classname="com.qa.opencart.tests.HomePageTest" name="logoTest" time="0.0">
    <ignored/>
  </testcase> <!-- logoTest -->
</testsuite> <!-- Home Page Test -->
